# JRE version: OpenJDK Runtime Environment Temurin-17.0.1+12 (17.0.1+12) (build 17.0.1+12)
# Java VM: OpenJDK 64-Bit Server VM Temurin-17.0.1+12 (17.0.1+12, mixed mode, tiered, compressed oops, compressed class ptrs, g1 gc, windows-amd64)
GC Precious Log:
 CPUs: 4 total, 4 available
 Memory: 7609M
 Large Page Support: Disabled
 NUMA Support: Disabled
 Compressed Oops: Enabled (32-bit)
 Heap Region Size: 1M
 Heap Min Capacity: 8M
 Heap Initial Capacity: 120M
 Heap Max Capacity: 1904M
 Pre-touch: Disabled
 Parallel Workers: 4
 Concurrent Workers: 1
 Concurrent Refinement Workers: 4
 Periodic GC: Disabled
Heap:
 garbage-first heap   total 58368K, used 32579K [0x0000000089000000, 0x0000000100000000)
  region size 1024K, 8 young (8192K), 1 survivors (1024K)
 Metaspace       used 71447K, committed 71808K, reserved 1114112K
  class space    used 8719K, committed 8896K, reserved 1048576K
GC Heap History (20 events):
Event: 556.395 GC heap before
{Heap before GC invocations=159 (full 0):
 garbage-first heap   total 58368K, used 48928K [0x0000000089000000, 0x0000000100000000)
  region size 1024K, 23 young (23552K), 1 survivors (1024K)
 Metaspace       used 71438K, committed 71808K, reserved 1114112K
  class space    used 8719K, committed 8896K, reserved 1048576K
}
Event: 556.397 GC heap after
{Heap after GC invocations=160 (full 0):
 garbage-first heap   total 58368K, used 26414K [0x0000000089000000, 0x0000000100000000)
  region size 1024K, 1 young (1024K), 1 survivors (1024K)
 Metaspace       used 71438K, committed 71808K, reserved 1114112K
  class space    used 8719K, committed 8896K, reserved 1048576K
}
Event: 557.377 GC heap before
{Heap before GC invocations=160 (full 0):
 garbage-first heap   total 58368K, used 48942K [0x0000000089000000, 0x0000000100000000)
  region size 1024K, 23 young (23552K), 1 survivors (1024K)
 Metaspace       used 71438K, committed 71808K, reserved 1114112K
  class space    used 8719K, committed 8896K, reserved 1048576K
}
Event: 557.379 GC heap after
{Heap after GC invocations=161 (full 0):
 garbage-first heap   total 58368K, used 26396K [0x0000000089000000, 0x0000000100000000)
  region size 1024K, 1 young (1024K), 1 survivors (1024K)
 Metaspace       used 71438K, committed 71808K, reserved 1114112K
  class space    used 8719K, committed 8896K, reserved 1048576K
}
Event: 558.322 GC heap before
{Heap before GC invocations=162 (full 0):
 garbage-first heap   total 58368K, used 48924K [0x0000000089000000, 0x0000000100000000)
  region size 1024K, 23 young (23552K), 1 survivors (1024K)
 Metaspace       used 71438K, committed 71808K, reserved 1114112K
  class space    used 8719K, committed 8896K, reserved 1048576K
}
Event: 558.323 GC heap after
{Heap after GC invocations=163 (full 0):
 garbage-first heap   total 58368K, used 26400K [0x0000000089000000, 0x0000000100000000)
  region size 1024K, 1 young (1024K), 1 survivors (1024K)
 Metaspace       used 71438K, committed 71808K, reserved 1114112K
  class space    used 8719K, committed 8896K, reserved 1048576K
}
Event: 559.233 GC heap before
{Heap before GC invocations=163 (full 0):
 garbage-first heap   total 58368K, used 48928K [0x0000000089000000, 0x0000000100000000)
  region size 1024K, 23 young (23552K), 1 survivors (1024K)
 Metaspace       used 71438K, committed 71808K, reserved 1114112K
  class space    used 8719K, committed 8896K, reserved 1048576K
}
Event: 559.235 GC heap after
{Heap after GC invocations=164 (full 0):
 garbage-first heap   total 58368K, used 26443K [0x0000000089000000, 0x0000000100000000)
  region size 1024K, 1 young (1024K), 1 survivors (1024K)
 Metaspace       used 71438K, committed 71808K, reserved 1114112K
  class space    used 8719K, committed 8896K, reserved 1048576K
}
Event: 560.113 GC heap before
{Heap before GC invocations=165 (full 0):
 garbage-first heap   total 58368K, used 48971K [0x0000000089000000, 0x0000000100000000)
  region size 1024K, 23 young (23552K), 1 survivors (1024K)
 Metaspace       used 71439K, committed 71808K, reserved 1114112K
  class space    used 8719K, committed 8896K, reserved 1048576K
}
Event: 560.115 GC heap after
{Heap after GC invocations=166 (full 0):
 garbage-first heap   total 58368K, used 26412K [0x0000000089000000, 0x0000000100000000)
  region size 1024K, 1 young (1024K), 1 survivors (1024K)
 Metaspace       used 71439K, committed 71808K, reserved 1114112K
  class space    used 8719K, committed 8896K, reserved 1048576K
}
Event: 560.927 GC heap before
{Heap before GC invocations=166 (full 0):
 garbage-first heap   total 58368K, used 48940K [0x0000000089000000, 0x0000000100000000)
  region size 1024K, 23 young (23552K), 1 survivors (1024K)
 Metaspace       used 71439K, committed 71808K, reserved 1114112K
  class space    used 8719K, committed 8896K, reserved 1048576K
}
Event: 560.929 GC heap after
{Heap after GC invocations=167 (full 0):
 garbage-first heap   total 58368K, used 26411K [0x0000000089000000, 0x0000000100000000)
  region size 1024K, 1 young (1024K), 1 survivors (1024K)
 Metaspace       used 71439K, committed 71808K, reserved 1114112K
  class space    used 8719K, committed 8896K, reserved 1048576K
}
Event: 561.826 GC heap before
{Heap before GC invocations=168 (full 0):
 garbage-first heap   total 58368K, used 48939K [0x0000000089000000, 0x0000000100000000)
  region size 1024K, 23 young (23552K), 1 survivors (1024K)
 Metaspace       used 71439K, committed 71808K, reserved 1114112K
  class space    used 8719K, committed 8896K, reserved 1048576K
}
Event: 561.829 GC heap after
{Heap after GC invocations=169 (full 0):
 garbage-first heap   total 58368K, used 26405K [0x0000000089000000, 0x0000000100000000)
  region size 1024K, 1 young (1024K), 1 survivors (1024K)
 Metaspace       used 71439K, committed 71808K, reserved 1114112K
  class space    used 8719K, committed 8896K, reserved 1048576K
}
Event: 562.690 GC heap before
{Heap before GC invocations=169 (full 0):
 garbage-first heap   total 58368K, used 48933K [0x0000000089000000, 0x0000000100000000)
  region size 1024K, 23 young (23552K), 1 survivors (1024K)
 Metaspace       used 71443K, committed 71808K, reserved 1114112K
  class space    used 8719K, committed 8896K, reserved 1048576K
}
Event: 562.692 GC heap after
{Heap after GC invocations=170 (full 0):
 garbage-first heap   total 58368K, used 26436K [0x0000000089000000, 0x0000000100000000)
  region size 1024K, 1 young (1024K), 1 survivors (1024K)
 Metaspace       used 71443K, committed 71808K, reserved 1114112K
  class space    used 8719K, committed 8896K, reserved 1048576K
}
Event: 563.620 GC heap before
{Heap before GC invocations=171 (full 0):
 garbage-first heap   total 58368K, used 48964K [0x0000000089000000, 0x0000000100000000)
  region size 1024K, 23 young (23552K), 1 survivors (1024K)
 Metaspace       used 71443K, committed 71808K, reserved 1114112K
  class space    used 8719K, committed 8896K, reserved 1048576K
}
Event: 563.625 GC heap after
{Heap after GC invocations=172 (full 0):
 garbage-first heap   total 58368K, used 26427K [0x0000000089000000, 0x0000000100000000)
  region size 1024K, 1 young (1024K), 1 survivors (1024K)
 Metaspace       used 71443K, committed 71808K, reserved 1114112K
  class space    used 8719K, committed 8896K, reserved 1048576K
}
Event: 566.345 GC heap before
{Heap before GC invocations=172 (full 0):
 garbage-first heap   total 58368K, used 48955K [0x0000000089000000, 0x0000000100000000)
  region size 1024K, 23 young (23552K), 1 survivors (1024K)
 Metaspace       used 71447K, committed 71808K, reserved 1114112K
  class space    used 8719K, committed 8896K, reserved 1048576K
}
Event: 566.346 GC heap after
{Heap after GC invocations=173 (full 0):
 garbage-first heap   total 58368K, used 26435K [0x0000000089000000, 0x0000000100000000)
  region size 1024K, 1 young (1024K), 1 survivors (1024K)
 Metaspace       used 71447K, committed 71808K, reserved 1114112K
  class space    used 8719K, committed 8896K, reserved 1048576K
}

